{"numFailedTestSuites":0,"numFailedTests":0,"numPassedTestSuites":1,"numPassedTests":1,"numPendingTestSuites":0,"numPendingTests":0,"numRuntimeErrorTestSuites":0,"numTodoTests":0,"numTotalTestSuites":1,"numTotalTests":1,"openHandles":[],"snapshot":{"added":0,"didUpdate":false,"failure":false,"filesAdded":0,"filesRemoved":0,"filesRemovedList":[],"filesUnmatched":0,"filesUpdated":0,"matched":0,"total":0,"unchecked":0,"uncheckedKeysByFile":[],"unmatched":0,"updated":0},"startTime":1705282481821,"success":true,"testResults":[{"assertionResults":[{"ancestorTitles":[],"duration":170,"failureDetails":[],"failureMessages":[],"fullName":"fetch data from API","invocations":1,"location":null,"numPassingAsserts":1,"retryReasons":[],"status":"passed","title":"fetch data from API"}],"endTime":1705282482825,"message":"","name":"D:\\work\\api-testing\\test\\KSI\\v1\\login.test.js","startTime":1705282481901,"status":"passed","summary":""}],"wasInterrupted":false}
